<?xml version='1.0' encoding='UTF-8'?>
<testsuite hostname="DESKTOP-I7B3M4O" name="MemorySpec" tests="1" errors="0" failures="0" skipped="0" time="2.782" timestamp="2021-04-20T16:01:05">
                     <properties>
      <property name="jline.esc.timeout" value="0"/><property name="java.runtime.name" value="OpenJDK Runtime Environment"/><property name="sun.boot.library.path" value="C:\Program Files\AdoptOpenJDK\jdk-8.0.282.8-hotspot\jre\bin"/><property name="java.vm.version" value="25.282-b08"/><property name="java.vm.vendor" value="AdoptOpenJDK"/><property name="java.vendor.url" value="https://adoptopenjdk.net/"/><property name="path.separator" value=";"/><property name="jna.loaded" value="true"/><property name="java.vm.name" value="OpenJDK 64-Bit Server VM"/><property name="file.encoding.pkg" value="sun.io"/><property name="user.country" value="DK"/><property name="user.script" value=""/><property name="sun.java.launcher" value="SUN_STANDARD"/><property name="sun.os.patch.level" value=""/><property name="jna.nosys" value="true"/><property name="java.vm.specification.name" value="Java Virtual Machine Specification"/><property name="user.dir" value="C:\Users\Mikkel Aaslet\Documents\GitHub\x32-BLAU"/><property name="java.runtime.version" value="1.8.0_282-b08"/><property name="java.awt.graphicsenv" value="sun.awt.Win32GraphicsEnvironment"/><property name="java.endorsed.dirs" value="C:\Program Files\AdoptOpenJDK\jdk-8.0.282.8-hotspot\jre\lib\endorsed"/><property name="os.arch" value="amd64"/><property name="java.io.tmpdir" value="C:\Users\MIKKEL~1\AppData\Local\Temp\"/><property name="line.separator" value="
"/><property name="java.vm.specification.vendor" value="Oracle Corporation"/><property name="log4j.ignoreTCL" value="true"/><property name="user.variant" value=""/><property name="os.name" value="Windows 10"/><property name="sun.jnu.encoding" value="Cp1252"/><property name="jnidispatch.path" value="C:\Users\MIKKEL~1\AppData\Local\Temp\jna--1630750203\jna7868122195768547217.dll"/><property name="java.library.path" value="C:\Program Files\AdoptOpenJDK\jdk-8.0.282.8-hotspot\bin;C:\WINDOWS\Sun\Java\bin;C:\WINDOWS\system32;C:\WINDOWS;C:\Program Files\AdoptOpenJDK\jdk-8.0.282.8-hotspot\bin;C:\Program Files (x86)\Common Files\Oracle\Java\javapath;C:\Program Files\MATLAB\R2020a\bin;C:\Program Files\MATLAB\R2020a\bin\win64;C:\Program Files (x86)\VMware\VMware Player\bin\;C:\Program Files (x86)\Intel\iCLS Client\;C:\Program Files\Intel\iCLS Client\;C:\Windows\system32;C:\Windows;C:\Windows\System32\Wbem;C:\Windows\System32\WindowsPowerShell\v1.0\;C:\Program Files (x86)\NVIDIA Corporation\PhysX\Common;C:\Program Files (x86)\Intel\Intel(R) Management Engine Components\DAL;C:\Program Files\Intel\Intel(R) Management Engine Components\DAL;C:\Program Files (x86)\Intel\Intel(R) Management Engine Components\IPT;C:\Program Files\Intel\Intel(R) Management Engine Components\IPT;C:\WINDOWS\system32;C:\WINDOWS;C:\WINDOWS\System32\Wbem;C:\WINDOWS\System32\WindowsPowerShell\v1.0\;C:\WINDOWS\System32\OpenSSH\;C:\Program Files\NVIDIA Corporation\NVIDIA NvDLISR;C:\TDM-GCC-64\bin;C:\Users\Mikkel Aaslet\AppData\Local\Microsoft\WindowsApps;C:\Users\Mikkel Aaslet\AppData\Local\GitHubDesktop\bin;C:\Users\Mikkel Aaslet\AppData\Local\Microsoft\WindowsApps;C:\Program Files\nodejs\;C:\Program Files (x86)\sbt\bin;C:\Program Files\Git\cmd;C:\Program Files\Intel\Intel(R) Memory and Storage Tool\;C:\Program Files\dotnet\;C:\Users\Mikkel Aaslet\AppData\Local\Microsoft\WindowsApps;C:\Users\Mikkel Aaslet\AppData\Local\GitHubDesktop\bin;C:\Users\Mikkel Aaslet\AppData\Local\Microsoft\WindowsApps;C:\Users\Mikkel Aaslet\AppData\Roaming\npm;C:\Users\Mikkel Aaslet\AppData\Local\Programs\Microsoft VS Code\bin;C:\Users\Mikkel Aaslet\.dotnet\tools;."/><property name="java.specification.name" value="Java Platform API Specification"/><property name="java.class.version" value="52.0"/><property name="sun.management.compiler" value="HotSpot 64-Bit Tiered Compilers"/><property name="os.version" value="10.0"/><property name="swoval.tmpdir" value="C:\Users\Mikkel Aaslet\.sbt\1.0"/><property name="user.home" value="C:\Users\Mikkel Aaslet"/><property name="user.timezone" value="Europe/Paris"/><property name="java.awt.printerjob" value="sun.awt.windows.WPrinterJob"/><property name="file.encoding" value="UTF-8"/><property name="java.specification.version" value="1.8"/><property name="java.class.path" value="C:\Program Files (x86)\sbt\\bin\sbt-launch.jar"/><property name="user.name" value="Mikkel Aaslet"/><property name="jline.shutdownhook" value="false"/><property name="java.vm.specification.version" value="1.8"/><property name="sun.java.command" value="xsbt.boot.Boot"/><property name="java.home" value="C:\Program Files\AdoptOpenJDK\jdk-8.0.282.8-hotspot\jre"/><property name="sun.arch.data.model" value="64"/><property name="user.language" value="da"/><property name="java.specification.vendor" value="Oracle Corporation"/><property name="awt.toolkit" value="sun.awt.windows.WToolkit"/><property name="java.vm.info" value="mixed mode"/><property name="java.version" value="1.8.0_282"/><property name="java.ext.dirs" value="C:\Program Files\AdoptOpenJDK\jdk-8.0.282.8-hotspot\jre\lib\ext;C:\WINDOWS\Sun\Java\lib\ext"/><property name="sun.boot.class.path" value="C:\Program Files\AdoptOpenJDK\jdk-8.0.282.8-hotspot\jre\lib\resources.jar;C:\Program Files\AdoptOpenJDK\jdk-8.0.282.8-hotspot\jre\lib\rt.jar;C:\Program Files\AdoptOpenJDK\jdk-8.0.282.8-hotspot\jre\lib\sunrsasign.jar;C:\Program Files\AdoptOpenJDK\jdk-8.0.282.8-hotspot\jre\lib\jsse.jar;C:\Program Files\AdoptOpenJDK\jdk-8.0.282.8-hotspot\jre\lib\jce.jar;C:\Program Files\AdoptOpenJDK\jdk-8.0.282.8-hotspot\jre\lib\charsets.jar;C:\Program Files\AdoptOpenJDK\jdk-8.0.282.8-hotspot\jre\lib\jfr.jar;C:\Program Files\AdoptOpenJDK\jdk-8.0.282.8-hotspot\jre\classes"/><property name="java.vendor" value="AdoptOpenJDK"/><property name="sun.stderr.encoding" value="cp850"/><property name="file.separator" value="\"/><property name="java.vendor.url.bug" value="https://github.com/AdoptOpenJDK/openjdk-support/issues"/><property name="sun.io.unicode.encoding" value="UnicodeLittle"/><property name="sun.cpu.endian" value="little"/><property name="sun.stdout.encoding" value="cp850"/><property name="sun.desktop" value="windows"/><property name="sun.cpu.isalist" value="amd64"/>
    </properties>
                     <testcase classname="MemorySpec" name="Register32 should pass" time="2.782">
                                                 
                                               </testcase>
                     <system-out><![CDATA[]]></system-out>
                     <system-err><![CDATA[]]></system-err>
                   </testsuite>